{"@caller":"C:/Users/RaySubha/Go/src/log-hclog-prac/logPack/main.go:25","@level":"error","@message":"Invalid input for ParseInt","@module":"my-app","error":null,"input":"5.5","msg":"hello"}
{"@caller":"C:/Users/RaySubha/Go/src/log-hclog-prac/logPack/main.go:26","@level":"error","@message":"This is a binarry input","@module":"my-app","bits":17}
{"@caller":"C:/Users/RaySubha/Go/src/log-hclog-prac/logPack/main.go:28","@level":"error","@message":"Invalid input for ParseInt","@module":"my-app","error":"strconv.ParseInt: parsing \"5.5\": invalid syntax","input":"5.5","msg":"hello"}
{"@caller":"C:/Users/RaySubha/Go/src/log-hclog-prac/logPack/main.go:29","@level":"error","@message":"This is a binarry input","@module":"my-app","bits":17}
{"@caller":"C:/Users/RaySubha/Go/src/log-hclog-prac/logPack/main.go:33","@level":"error","@message":"Invalid input for ParseInt","@module":"my-app","error":"strconv.ParseInt: parsing \"5.5\": invalid syntax","input":"5.5","msg":"hello"}
{"@caller":"C:/Users/RaySubha/Go/src/log-hclog-prac/logPack/main.go:34","@level":"error","@message":"This is a binarry input","@module":"my-app","bits":17}
{"@caller":"C:/Users/RaySubha/Go/src/log-hclog-prac/logPack/main.go:33","@level":"error","@message":"Invalid input for ParseInt","@module":"my-app","error":"strconv.ParseInt: parsing \"5.5\": invalid syntax","input":"5.5","msg":"hello"}
{"@caller":"C:/Users/RaySubha/Go/src/log-hclog-prac/logPack/main.go:34","@level":"info","@message":"This is a binarry input","@module":"my-app","bits":17}
{"@caller":"C:/Users/RaySubha/Go/src/log-hclog-prac/logPack/main.go:34","@level":"error","@message":"Invalid input for ParseInt","@module":"my-app","error":"strconv.ParseInt: parsing \"5.5\": invalid syntax","input":"5.5","msg":"hello"}
{"@caller":"C:/Users/RaySubha/Go/src/log-hclog-prac/logPack/main.go:35","@level":"info","@message":"This is a binarry input","@module":"my-app","bits":17}
{"@caller":"C:/Users/RaySubha/Go/src/log-hclog-prac/logPack/main.go:35","@level":"error","@message":"Invalid input for ParseInt","@module":"my-app","error":"strconv.ParseInt: parsing \"5.5\": invalid syntax","input":"5.5","msg":"hello"}
{"@caller":"C:/Users/RaySubha/Go/src/log-hclog-prac/logPack/main.go:37","@level":"info","@message":"This is a binarry input","@module":"my-app","bits":17}
{"@caller":"C:/Users/RaySubha/Go/src/log-hclog-prac/logPack/main.go:39","@level":"trace","@message":"End of your file","@module":"my-app"}
{"@caller":"C:/Users/RaySubha/Go/src/log-hclog-prac/logPack/main.go:34","@level":"error","@message":"Invalid input for ParseInt","@module":"my-app","error":"strconv.ParseInt: parsing \"5.5\": invalid syntax","input":"5.5","msg":"hello"}
{"@caller":"C:/Users/RaySubha/Go/src/log-hclog-prac/logPack/main.go:35","@level":"info","@message":"This is a binarry input","@module":"my-app","bits":17}
{"@caller":"C:/Users/RaySubha/Go/src/log-hclog-prac/logPack/main.go:34","@level":"error","@message":"Invalid input for ParseInt","@module":"my-app","error":"strconv.ParseInt: parsing \"5.5\": invalid syntax","input":"5.5","msg":"hello"}
{"@caller":"C:/Users/RaySubha/Go/src/log-hclog-prac/logPack/main.go:35","@level":"error","@message":"Invalid input for ParseInt","@module":"my-app","@timestamp":"2021-December-06","error":"strconv.ParseInt: parsing \"5.5\": invalid syntax","input":"5.5","msg":"hello"}
{"@caller":"C:/Users/RaySubha/Go/src/log-hclog-prac/logPack/main.go:36","@level":"info","@message":"This is a binarry input","@module":"my-app","@timestamp":"2021-December-06","bits":17}
{"@caller":"C:/Users/RaySubha/Go/src/log-hclog-prac/logPack/main.go:35","@level":"error","@message":"Invalid input for ParseInt","@module":"my-app","@timestamp":"06 Dec 21 16:05 IST","error":"strconv.ParseInt: parsing \"5.5\": invalid syntax","input":"5.5","msg":"hello"}
{"@caller":"C:/Users/RaySubha/Go/src/log-hclog-prac/logPack/main.go:36","@level":"info","@message":"This is a binarry input","@module":"my-app","@timestamp":"06 Dec 21 16:05 IST","bits":17}
{"@caller":"C:/Users/RaySubha/Go/src/log-hclog-prac/logPack/main.go:35","@level":"error","@message":"Invalid input for ParseInt","@module":"my-app","@timestamp":"07 Dec 21 11:57 IST","error":"strconv.ParseInt: parsing \"5.5\": invalid syntax","input":"5.5","msg":"hello"}
{"@caller":"C:/Users/RaySubha/Go/src/log-hclog-prac/logPack/main.go:36","@level":"info","@message":"This is a binarry input","@module":"my-app","@timestamp":"07 Dec 21 11:57 IST","bits":17}
{"@caller":"C:/Users/RaySubha/Go/src/log-hclog-prac/logPack/main.go:35","@level":"error","@message":"Invalid input for ParseInt","@module":"my-app","@timestamp":"09 Dec 21 11:12 IST","error":"strconv.ParseInt: parsing \"5.5\": invalid syntax","input":"5.5","msg":"hello"}
{"@caller":"C:/Users/RaySubha/Go/src/log-hclog-prac/logPack/main.go:36","@level":"info","@message":"This is a binarry input","@module":"my-app","@timestamp":"09 Dec 21 11:12 IST","bits":17}
{"@caller":"C:/Users/RaySubha/Go/src/log-hclog-prac/logPack/main.go:35","@level":"error","@message":"Invalid input for ParseInt","@module":"my-app","@timestamp":"09 Dec 21 11:59 IST","error":"strconv.ParseInt: parsing \"5.5\": invalid syntax","input":"5.5","msg":"hello"}
{"@caller":"C:/Users/RaySubha/Go/src/log-hclog-prac/logPack/main.go:36","@level":"info","@message":"This is a binarry input","@module":"my-app","@timestamp":"09 Dec 21 11:59 IST","bits":17}
{"@caller":"C:/Users/RaySubha/Go/src/log-hclog-prac/logPack/main.go:35","@level":"error","@message":"Invalid input for ParseInt","@module":"my-app","@timestamp":"09 Dec 21 14:34 IST","error":"strconv.ParseInt: parsing \"5.5\": invalid syntax","input":"5.5","msg":"hello"}
{"@caller":"C:/Users/RaySubha/Go/src/log-hclog-prac/logPack/main.go:36","@level":"info","@message":"This is a binarry input","@module":"my-app","@timestamp":"09 Dec 21 14:34 IST","bits":17}
{"@caller":"C:/Users/RaySubha/Go/src/log-hclog-prac/logPack/main.go:38","@level":"info","@message":"with field check","@module":"my-app","@timestamp":"09 Dec 21 14:34 IST","Transaction Id":"TnxID123"}
